There are 11 candidates graphs.
1 2 | 1 4 | 1 6 | 
2 1 | 2 3 | 2 4 | 2 5 | 2 6 | 
3 2 | 
4 1 | 4 2 | 4 7 | 
5 2 | 5 7 | 
6 1 | 6 2 | 6 7 | 
7 4 | 7 5 | 7 6 | 
1 2 | 1 4 | 1 5 | 1 6 | 
2 1 | 2 3 | 2 4 | 2 6 | 
3 2 | 
4 1 | 4 2 | 4 7 | 
5 1 | 5 7 | 
6 1 | 6 2 | 6 7 | 
7 4 | 7 5 | 7 6 | 
1 2 | 1 4 | 1 6 | 
2 1 | 2 3 | 2 4 | 2 5 | 2 6 | 
3 2 | 
4 1 | 4 2 | 4 7 | 
5 2 | 5 7 | 
6 1 | 6 2 | 6 8 | 
7 4 | 7 5 | 
8 6 | 
1 2 | 1 4 | 1 6 | 
2 1 | 2 3 | 2 4 | 2 5 | 2 6 | 
3 2 | 
4 1 | 4 2 | 4 7 | 
5 2 | 5 8 | 
6 1 | 6 2 | 6 7 | 
7 4 | 7 6 | 
8 5 | 
1 2 | 1 4 | 1 5 | 1 6 | 
2 1 | 2 3 | 2 4 | 2 6 | 
3 2 | 
4 1 | 4 2 | 4 7 | 
5 1 | 5 7 | 
6 1 | 6 2 | 6 8 | 
7 4 | 7 5 | 
8 6 | 
1 2 | 1 4 | 1 5 | 1 6 | 
2 1 | 2 3 | 2 4 | 2 6 | 
3 2 | 
4 1 | 4 2 | 4 7 | 
5 1 | 5 8 | 
6 1 | 6 2 | 6 7 | 
7 4 | 7 6 | 
8 5 | 
1 2 | 1 4 | 1 5 | 1 6 | 
2 1 | 2 3 | 2 4 | 2 5 | 
3 2 | 
4 1 | 4 2 | 4 7 | 4 8 | 
5 1 | 5 2 | 5 7 | 5 8 | 
6 1 | 
7 4 | 7 5 | 
8 4 | 8 5 | 
1 2 | 1 4 | 1 6 | 1 8 | 
2 1 | 2 3 | 2 4 | 2 8 | 
3 2 | 3 8 | 
4 1 | 4 2 | 4 7 | 4 8 | 
5 8 | 
6 1 | 6 8 | 
7 4 | 7 8 | 
8 1 | 8 2 | 8 3 | 8 4 | 8 5 | 8 6 | 8 7 | 
1 2 | 1 4 | 1 6 | 
2 1 | 2 3 | 2 4 | 2 5 | 
3 2 | 
4 1 | 4 2 | 4 7 | 4 8 | 
5 2 | 5 9 | 
6 1 | 
7 4 | 
8 4 | 
9 5 | 
1 2 | 1 4 | 1 6 | 
2 1 | 2 3 | 2 4 | 2 5 | 2 6 | 
3 2 | 
4 1 | 4 2 | 4 7 | 
5 2 | 5 8 | 
6 1 | 6 2 | 6 9 | 
7 4 | 
8 5 | 
9 6 | 
1 2 | 1 4 | 1 5 | 1 6 | 
2 1 | 2 3 | 2 4 | 2 6 | 
3 2 | 
4 1 | 4 2 | 4 7 | 
5 1 | 5 8 | 
6 1 | 6 2 | 6 9 | 
7 4 | 
8 5 | 
9 6 | 
