There are 5 candidates graphs.
1 2 | 1 3 | 1 6 | 
2 1 | 2 5 | 
3 1 | 3 5 | 
4 6 | 
5 2 | 5 3 | 
6 1 | 6 4 | 
1 2 | 1 3 | 1 6 | 
2 1 | 2 5 | 
3 1 | 3 5 | 
4 6 | 
5 2 | 5 3 | 5 6 | 
6 1 | 6 4 | 6 5 | 
1 2 | 1 3 | 1 6 | 
2 1 | 2 5 | 2 6 | 
3 1 | 3 5 | 3 6 | 
4 6 | 
5 2 | 5 3 | 5 6 | 
6 1 | 6 2 | 6 3 | 6 4 | 6 5 | 
1 2 | 1 3 | 1 4 | 
2 1 | 2 5 | 
3 1 | 3 5 | 
4 1 | 4 6 | 
5 2 | 5 3 | 5 6 | 
6 4 | 6 5 | 
1 2 | 1 3 | 1 4 | 1 5 | 
2 1 | 2 5 | 2 6 | 
3 1 | 3 5 | 3 6 | 
4 1 | 4 6 | 
5 1 | 5 2 | 5 3 | 5 6 | 
6 2 | 6 3 | 6 4 | 6 5 | 
